<?xml version="1.0" encoding="UTF-8"?>
<!-- Generated by org.testng.reporters.JUnitReportReporter -->
<testsuite skipped="0" hostname="Tharmai7" name="SeleniumTest" tests="2" failures="0" timestamp="2020-01-19T19:29:35 EST" time="43.102" errors="0">
  <testcase name="WebDriverMangerTest" time="34.602" classname="SeleniumTest"/>
  <system-out/>
  <testcase name="WebDriverTest" time="8.500" classname="SeleniumTest"/>
  <system-out/>
</testsuite> <!-- SeleniumTest -->
