<?xml version="1.0" encoding="UTF-8"?>
<!-- Generated by org.testng.reporters.JUnitReportReporter -->
<testsuite skipped="0" hostname="Tharmai7" name="ExtentTestNGReportBuilder" tests="1" failures="0" timestamp="2020-01-10T15:36:54 EST" time="0.015" errors="0">
  <testcase name="test1" time="0.015" classname="ExtentTestNGReportBuilder"/>
  <system-out/>
</testsuite> <!-- ExtentTestNGReportBuilder -->
