<?xml version="1.0" encoding="UTF-8"?>
<!-- Generated by org.testng.reporters.JUnitReportReporter -->
<testsuite skipped="0" hostname="Tharmai7" name="guru99.demoBank.PageFactory.Test99GuruLoginWithPageFactory" tests="2" failures="0" timestamp="2020-01-27T10:48:33 EST" time="30.842" errors="0">
  <testcase name="testNewCutomerPage" time="16.368" classname="guru99.demoBank.PageFactory.Test99GuruLoginWithPageFactory"/>
  <testcase name="test_Home_Page_Appear_Correct" time="14.474" classname="guru99.demoBank.PageFactory.Test99GuruLoginWithPageFactory"/>
</testsuite> <!-- guru99.demoBank.PageFactory.Test99GuruLoginWithPageFactory -->
