<?xml version="1.0" encoding="UTF-8"?>
<!-- Generated by org.testng.reporters.JUnitReportReporter -->
<testsuite skipped="0" hostname="Tharmai7" name="SeleniumTest" tests="2" failures="0" timestamp="2020-01-19T19:51:00 EST" time="33.818" errors="0">
  <testcase name="WebDriverMangerTest" time="23.414" classname="SeleniumTest"/>
  <system-out/>
  <testcase name="WebDriverTest" time="10.404" classname="SeleniumTest"/>
  <system-out/>
</testsuite> <!-- SeleniumTest -->
