<?xml version="1.0" encoding="UTF-8"?>
<!-- Generated by org.testng.reporters.JUnitReportReporter -->
<testsuite skipped="0" hostname="Tharmai7" name="ChromeTest" tests="1" failures="0" timestamp="2020-01-09T18:16:18 EST" time="2.213" errors="0">
  <testcase name="test" time="2.213" classname="ChromeTest"/>
  <system-out/>
</testsuite> <!-- ChromeTest -->
