<?xml version="1.0" encoding="UTF-8"?>
<!-- Generated by org.testng.reporters.JUnitReportReporter -->
<testsuite skipped="0" hostname="Tharmai7" name="guru99.demoBank.PageFactory.Test99GuruLoginWithPageFactory" tests="1" failures="0" timestamp="2020-01-19T22:57:17 EST" time="2.100" errors="0">
  <testcase name="test_Home_Page_Appear_Correct" time="2.100" classname="guru99.demoBank.PageFactory.Test99GuruLoginWithPageFactory"/>
  <system-out/>
</testsuite> <!-- guru99.demoBank.PageFactory.Test99GuruLoginWithPageFactory -->
