<?xml version="1.0" encoding="UTF-8"?>
<!-- Generated by org.testng.reporters.JUnitReportReporter -->
<testsuite skipped="0" hostname="Tharmai7" name="guru99.demoBank.Test99GuruLogin" tests="1" failures="0" timestamp="2020-01-19T22:23:40 EST" time="1.391" errors="0">
  <testcase name="test_Home_Page_Appear_Correct" time="1.391" classname="guru99.demoBank.Test99GuruLogin"/>
  <system-out/>
</testsuite> <!-- guru99.demoBank.Test99GuruLogin -->
